{"numTotalTestSuites":13,"numPassedTestSuites":5,"numFailedTestSuites":8,"numPendingTestSuites":0,"numTotalTests":33,"numPassedTests":20,"numFailedTests":13,"numPendingTests":0,"numTodoTests":0,"snapshot":{"added":0,"failure":false,"filesAdded":0,"filesRemoved":0,"filesRemovedList":[],"filesUnmatched":0,"filesUpdated":0,"matched":0,"total":0,"unchecked":0,"uncheckedKeysByFile":[],"unmatched":0,"updated":0,"didUpdate":false},"startTime":1770777462943,"success":false,"testResults":[{"assertionResults":[{"ancestorTitles":["GameService","initializeBoard"],"fullName":"GameService initializeBoard devrait initialiser le plateau avec 32 pièces","status":"passed","title":"devrait initialiser le plateau avec 32 pièces","duration":1.6006999999999607,"failureMessages":[],"meta":{}},{"ancestorTitles":["GameService","initializeBoard"],"fullName":"GameService initializeBoard devrait placer 16 pièces blanches","status":"passed","title":"devrait placer 16 pièces blanches","duration":0.4356999999999971,"failureMessages":[],"meta":{}},{"ancestorTitles":["GameService","initializeBoard"],"fullName":"GameService initializeBoard devrait placer 16 pièces noires","status":"passed","title":"devrait placer 16 pièces noires","duration":0.27309999999999945,"failureMessages":[],"meta":{}},{"ancestorTitles":["GameService","initializeBoard"],"fullName":"GameService initializeBoard devrait placer le roi blanc en e1","status":"passed","title":"devrait placer le roi blanc en e1","duration":0.4855999999999767,"failureMessages":[],"meta":{}},{"ancestorTitles":["GameService","initializeBoard"],"fullName":"GameService initializeBoard devrait placer la reine blanche en d1","status":"passed","title":"devrait placer la reine blanche en d1","duration":0.32569999999998345,"failureMessages":[],"meta":{}},{"ancestorTitles":["GameService","initializeBoard"],"fullName":"GameService initializeBoard devrait placer le roi noir en e8","status":"passed","title":"devrait placer le roi noir en e8","duration":0.3774999999999977,"failureMessages":[],"meta":{}},{"ancestorTitles":["GameService","initializeBoard"],"fullName":"GameService initializeBoard devrait placer les pions blancs sur la rangée 2","status":"passed","title":"devrait placer les pions blancs sur la rangée 2","duration":0.7557999999999652,"failureMessages":[],"meta":{}},{"ancestorTitles":["GameService","initializeBoard"],"fullName":"GameService initializeBoard devrait placer les pions noirs sur la rangée 7","status":"passed","title":"devrait placer les pions noirs sur la rangée 7","duration":0.561300000000017,"failureMessages":[],"meta":{}},{"ancestorTitles":["GameService","initializeBoard"],"fullName":"GameService initializeBoard devrait avoir les cases centrales vides","status":"passed","title":"devrait avoir les cases centrales vides","duration":0.23430000000001883,"failureMessages":[],"meta":{}},{"ancestorTitles":["GameService","getPieceAt"],"fullName":"GameService getPieceAt devrait retourner la pièce à une position donnée","status":"passed","title":"devrait retourner la pièce à une position donnée","duration":0.21719999999999118,"failureMessages":[],"meta":{}},{"ancestorTitles":["GameService","getPieceAt"],"fullName":"GameService getPieceAt devrait retourner null pour une case vide","status":"passed","title":"devrait retourner null pour une case vide","duration":0.14869999999996253,"failureMessages":[],"meta":{}},{"ancestorTitles":["GameService","getPositionByPieceId"],"fullName":"GameService getPositionByPieceId devrait retourner la position d'une pièce par son ID","status":"failed","title":"devrait retourner la position d'une pièce par son ID","duration":4.611400000000003,"failureMessages":["TypeError: gameService.getPositionByPieceId is not a function\n    at C:/Users/valen/OneDrive/Documents/ISIS/TP structuration avancée des données ANTIGRAVUTY/TP-d-ploiement-continu/src/services/__tests__/GameService.test.js:96:36\n    at file:///C:/Users/valen/OneDrive/Documents/ISIS/TP%20structuration%20avanc%C3%A9e%20des%20donn%C3%A9es%20ANTIGRAVUTY/TP-d-ploiement-continu/node_modules/@vitest/runner/dist/index.js:145:11\n    at file:///C:/Users/valen/OneDrive/Documents/ISIS/TP%20structuration%20avanc%C3%A9e%20des%20donn%C3%A9es%20ANTIGRAVUTY/TP-d-ploiement-continu/node_modules/@vitest/runner/dist/index.js:915:26\n    at file:///C:/Users/valen/OneDrive/Documents/ISIS/TP%20structuration%20avanc%C3%A9e%20des%20donn%C3%A9es%20ANTIGRAVUTY/TP-d-ploiement-continu/node_modules/@vitest/runner/dist/index.js:1243:20\n    at new Promise (<anonymous>)\n    at runWithTimeout (file:///C:/Users/valen/OneDrive/Documents/ISIS/TP%20structuration%20avanc%C3%A9e%20des%20donn%C3%A9es%20ANTIGRAVUTY/TP-d-ploiement-continu/node_modules/@vitest/runner/dist/index.js:1209:10)\n    at file:///C:/Users/valen/OneDrive/Documents/ISIS/TP%20structuration%20avanc%C3%A9e%20des%20donn%C3%A9es%20ANTIGRAVUTY/TP-d-ploiement-continu/node_modules/@vitest/runner/dist/index.js:1653:37\n    at Traces.$ (file:///C:/Users/valen/OneDrive/Documents/ISIS/TP%20structuration%20avanc%C3%A9e%20des%20donn%C3%A9es%20ANTIGRAVUTY/TP-d-ploiement-continu/node_modules/vitest/dist/chunks/traces.CCmnQaNT.js:142:27)\n    at trace (file:///C:/Users/valen/OneDrive/Documents/ISIS/TP%20structuration%20avanc%C3%A9e%20des%20donn%C3%A9es%20ANTIGRAVUTY/TP-d-ploiement-continu/node_modules/vitest/dist/chunks/test.B8ej_ZHS.js:239:21)\n    at runTest (file:///C:/Users/valen/OneDrive/Documents/ISIS/TP%20structuration%20avanc%C3%A9e%20des%20donn%C3%A9es%20ANTIGRAVUTY/TP-d-ploiement-continu/node_modules/@vitest/runner/dist/index.js:1653:12)"],"meta":{}},{"ancestorTitles":["GameService","getPositionByPieceId"],"fullName":"GameService getPositionByPieceId devrait retourner null pour un ID inexistant","status":"failed","title":"devrait retourner null pour un ID inexistant","duration":0.6390999999999849,"failureMessages":["TypeError: gameService.getPositionByPieceId is not a function\n    at C:/Users/valen/OneDrive/Documents/ISIS/TP structuration avancée des données ANTIGRAVUTY/TP-d-ploiement-continu/src/services/__tests__/GameService.test.js:101:36\n    at file:///C:/Users/valen/OneDrive/Documents/ISIS/TP%20structuration%20avanc%C3%A9e%20des%20donn%C3%A9es%20ANTIGRAVUTY/TP-d-ploiement-continu/node_modules/@vitest/runner/dist/index.js:145:11\n    at file:///C:/Users/valen/OneDrive/Documents/ISIS/TP%20structuration%20avanc%C3%A9e%20des%20donn%C3%A9es%20ANTIGRAVUTY/TP-d-ploiement-continu/node_modules/@vitest/runner/dist/index.js:915:26\n    at file:///C:/Users/valen/OneDrive/Documents/ISIS/TP%20structuration%20avanc%C3%A9e%20des%20donn%C3%A9es%20ANTIGRAVUTY/TP-d-ploiement-continu/node_modules/@vitest/runner/dist/index.js:1243:20\n    at new Promise (<anonymous>)\n    at runWithTimeout (file:///C:/Users/valen/OneDrive/Documents/ISIS/TP%20structuration%20avanc%C3%A9e%20des%20donn%C3%A9es%20ANTIGRAVUTY/TP-d-ploiement-continu/node_modules/@vitest/runner/dist/index.js:1209:10)\n    at file:///C:/Users/valen/OneDrive/Documents/ISIS/TP%20structuration%20avanc%C3%A9e%20des%20donn%C3%A9es%20ANTIGRAVUTY/TP-d-ploiement-continu/node_modules/@vitest/runner/dist/index.js:1653:37\n    at Traces.$ (file:///C:/Users/valen/OneDrive/Documents/ISIS/TP%20structuration%20avanc%C3%A9e%20des%20donn%C3%A9es%20ANTIGRAVUTY/TP-d-ploiement-continu/node_modules/vitest/dist/chunks/traces.CCmnQaNT.js:142:27)\n    at trace (file:///C:/Users/valen/OneDrive/Documents/ISIS/TP%20structuration%20avanc%C3%A9e%20des%20donn%C3%A9es%20ANTIGRAVUTY/TP-d-ploiement-continu/node_modules/vitest/dist/chunks/test.B8ej_ZHS.js:239:21)\n    at runTest (file:///C:/Users/valen/OneDrive/Documents/ISIS/TP%20structuration%20avanc%C3%A9e%20des%20donn%C3%A9es%20ANTIGRAVUTY/TP-d-ploiement-continu/node_modules/@vitest/runner/dist/index.js:1653:12)"],"meta":{}},{"ancestorTitles":["GameService","movePiece"],"fullName":"GameService movePiece devrait déplacer une pièce vers une case vide","status":"passed","title":"devrait déplacer une pièce vers une case vide","duration":2.6096000000000004,"failureMessages":[],"meta":{}},{"ancestorTitles":["GameService","movePiece"],"fullName":"GameService movePiece devrait capturer une pièce sur la case de destination","status":"failed","title":"devrait capturer une pièce sur la case de destination","duration":2.058400000000006,"failureMessages":["TypeError: gameService.getLastMove is not a function\n    at C:/Users/valen/OneDrive/Documents/ISIS/TP structuration avancée des données ANTIGRAVUTY/TP-d-ploiement-continu/src/services/__tests__/GameService.test.js:130:36\n    at file:///C:/Users/valen/OneDrive/Documents/ISIS/TP%20structuration%20avanc%C3%A9e%20des%20donn%C3%A9es%20ANTIGRAVUTY/TP-d-ploiement-continu/node_modules/@vitest/runner/dist/index.js:145:11\n    at file:///C:/Users/valen/OneDrive/Documents/ISIS/TP%20structuration%20avanc%C3%A9e%20des%20donn%C3%A9es%20ANTIGRAVUTY/TP-d-ploiement-continu/node_modules/@vitest/runner/dist/index.js:915:26\n    at file:///C:/Users/valen/OneDrive/Documents/ISIS/TP%20structuration%20avanc%C3%A9e%20des%20donn%C3%A9es%20ANTIGRAVUTY/TP-d-ploiement-continu/node_modules/@vitest/runner/dist/index.js:1243:20\n    at new Promise (<anonymous>)\n    at runWithTimeout (file:///C:/Users/valen/OneDrive/Documents/ISIS/TP%20structuration%20avanc%C3%A9e%20des%20donn%C3%A9es%20ANTIGRAVUTY/TP-d-ploiement-continu/node_modules/@vitest/runner/dist/index.js:1209:10)\n    at file:///C:/Users/valen/OneDrive/Documents/ISIS/TP%20structuration%20avanc%C3%A9e%20des%20donn%C3%A9es%20ANTIGRAVUTY/TP-d-ploiement-continu/node_modules/@vitest/runner/dist/index.js:1653:37\n    at Traces.$ (file:///C:/Users/valen/OneDrive/Documents/ISIS/TP%20structuration%20avanc%C3%A9e%20des%20donn%C3%A9es%20ANTIGRAVUTY/TP-d-ploiement-continu/node_modules/vitest/dist/chunks/traces.CCmnQaNT.js:142:27)\n    at trace (file:///C:/Users/valen/OneDrive/Documents/ISIS/TP%20structuration%20avanc%C3%A9e%20des%20donn%C3%A9es%20ANTIGRAVUTY/TP-d-ploiement-continu/node_modules/vitest/dist/chunks/test.B8ej_ZHS.js:239:21)\n    at runTest (file:///C:/Users/valen/OneDrive/Documents/ISIS/TP%20structuration%20avanc%C3%A9e%20des%20donn%C3%A9es%20ANTIGRAVUTY/TP-d-ploiement-continu/node_modules/@vitest/runner/dist/index.js:1653:12)"],"meta":{}},{"ancestorTitles":["GameService","movePiece"],"fullName":"GameService movePiece devrait retourner false si la case de départ est vide","status":"passed","title":"devrait retourner false si la case de départ est vide","duration":0.3435000000000059,"failureMessages":[],"meta":{}},{"ancestorTitles":["GameService","movePiece"],"fullName":"GameService movePiece devrait ajouter le mouvement à l'historique","status":"failed","title":"devrait ajouter le mouvement à l'historique","duration":0.47289999999998145,"failureMessages":["TypeError: gameService.getMoveCount is not a function\n    at C:/Users/valen/OneDrive/Documents/ISIS/TP structuration avancée des données ANTIGRAVUTY/TP-d-ploiement-continu/src/services/__tests__/GameService.test.js:142:40\n    at file:///C:/Users/valen/OneDrive/Documents/ISIS/TP%20structuration%20avanc%C3%A9e%20des%20donn%C3%A9es%20ANTIGRAVUTY/TP-d-ploiement-continu/node_modules/@vitest/runner/dist/index.js:145:11\n    at file:///C:/Users/valen/OneDrive/Documents/ISIS/TP%20structuration%20avanc%C3%A9e%20des%20donn%C3%A9es%20ANTIGRAVUTY/TP-d-ploiement-continu/node_modules/@vitest/runner/dist/index.js:915:26\n    at file:///C:/Users/valen/OneDrive/Documents/ISIS/TP%20structuration%20avanc%C3%A9e%20des%20donn%C3%A9es%20ANTIGRAVUTY/TP-d-ploiement-continu/node_modules/@vitest/runner/dist/index.js:1243:20\n    at new Promise (<anonymous>)\n    at runWithTimeout (file:///C:/Users/valen/OneDrive/Documents/ISIS/TP%20structuration%20avanc%C3%A9e%20des%20donn%C3%A9es%20ANTIGRAVUTY/TP-d-ploiement-continu/node_modules/@vitest/runner/dist/index.js:1209:10)\n    at file:///C:/Users/valen/OneDrive/Documents/ISIS/TP%20structuration%20avanc%C3%A9e%20des%20donn%C3%A9es%20ANTIGRAVUTY/TP-d-ploiement-continu/node_modules/@vitest/runner/dist/index.js:1653:37\n    at Traces.$ (file:///C:/Users/valen/OneDrive/Documents/ISIS/TP%20structuration%20avanc%C3%A9e%20des%20donn%C3%A9es%20ANTIGRAVUTY/TP-d-ploiement-continu/node_modules/vitest/dist/chunks/traces.CCmnQaNT.js:142:27)\n    at trace (file:///C:/Users/valen/OneDrive/Documents/ISIS/TP%20structuration%20avanc%C3%A9e%20des%20donn%C3%A9es%20ANTIGRAVUTY/TP-d-ploiement-continu/node_modules/vitest/dist/chunks/test.B8ej_ZHS.js:239:21)\n    at runTest (file:///C:/Users/valen/OneDrive/Documents/ISIS/TP%20structuration%20avanc%C3%A9e%20des%20donn%C3%A9es%20ANTIGRAVUTY/TP-d-ploiement-continu/node_modules/@vitest/runner/dist/index.js:1653:12)"],"meta":{}},{"ancestorTitles":["GameService","getMoveHistory"],"fullName":"GameService getMoveHistory devrait retourner un tableau vide au début","status":"passed","title":"devrait retourner un tableau vide au début","duration":0.6888000000000147,"failureMessages":[],"meta":{}},{"ancestorTitles":["GameService","getMoveHistory"],"fullName":"GameService getMoveHistory devrait retourner tous les mouvements effectués","status":"passed","title":"devrait retourner tous les mouvements effectués","duration":0.7375000000000114,"failureMessages":[],"meta":{}},{"ancestorTitles":["GameService","getMoveHistory"],"fullName":"GameService getMoveHistory devrait retourner une copie de l'historique","status":"passed","title":"devrait retourner une copie de l'historique","duration":1.559000000000026,"failureMessages":[],"meta":{}},{"ancestorTitles":["GameService","getLastMove"],"fullName":"GameService getLastMove devrait retourner null si aucun mouvement n'a été effectué","status":"failed","title":"devrait retourner null si aucun mouvement n'a été effectué","duration":0.45650000000000546,"failureMessages":["TypeError: gameService.getLastMove is not a function\n    at C:/Users/valen/OneDrive/Documents/ISIS/TP structuration avancée des données ANTIGRAVUTY/TP-d-ploiement-continu/src/services/__tests__/GameService.test.js:176:26\n    at file:///C:/Users/valen/OneDrive/Documents/ISIS/TP%20structuration%20avanc%C3%A9e%20des%20donn%C3%A9es%20ANTIGRAVUTY/TP-d-ploiement-continu/node_modules/@vitest/runner/dist/index.js:145:11\n    at file:///C:/Users/valen/OneDrive/Documents/ISIS/TP%20structuration%20avanc%C3%A9e%20des%20donn%C3%A9es%20ANTIGRAVUTY/TP-d-ploiement-continu/node_modules/@vitest/runner/dist/index.js:915:26\n    at file:///C:/Users/valen/OneDrive/Documents/ISIS/TP%20structuration%20avanc%C3%A9e%20des%20donn%C3%A9es%20ANTIGRAVUTY/TP-d-ploiement-continu/node_modules/@vitest/runner/dist/index.js:1243:20\n    at new Promise (<anonymous>)\n    at runWithTimeout (file:///C:/Users/valen/OneDrive/Documents/ISIS/TP%20structuration%20avanc%C3%A9e%20des%20donn%C3%A9es%20ANTIGRAVUTY/TP-d-ploiement-continu/node_modules/@vitest/runner/dist/index.js:1209:10)\n    at file:///C:/Users/valen/OneDrive/Documents/ISIS/TP%20structuration%20avanc%C3%A9e%20des%20donn%C3%A9es%20ANTIGRAVUTY/TP-d-ploiement-continu/node_modules/@vitest/runner/dist/index.js:1653:37\n    at Traces.$ (file:///C:/Users/valen/OneDrive/Documents/ISIS/TP%20structuration%20avanc%C3%A9e%20des%20donn%C3%A9es%20ANTIGRAVUTY/TP-d-ploiement-continu/node_modules/vitest/dist/chunks/traces.CCmnQaNT.js:142:27)\n    at trace (file:///C:/Users/valen/OneDrive/Documents/ISIS/TP%20structuration%20avanc%C3%A9e%20des%20donn%C3%A9es%20ANTIGRAVUTY/TP-d-ploiement-continu/node_modules/vitest/dist/chunks/test.B8ej_ZHS.js:239:21)\n    at runTest (file:///C:/Users/valen/OneDrive/Documents/ISIS/TP%20structuration%20avanc%C3%A9e%20des%20donn%C3%A9es%20ANTIGRAVUTY/TP-d-ploiement-continu/node_modules/@vitest/runner/dist/index.js:1653:12)"],"meta":{}},{"ancestorTitles":["GameService","getLastMove"],"fullName":"GameService getLastMove devrait retourner le dernier mouvement effectué","status":"failed","title":"devrait retourner le dernier mouvement effectué","duration":1.372099999999989,"failureMessages":["TypeError: gameService.getLastMove is not a function\n    at C:/Users/valen/OneDrive/Documents/ISIS/TP structuration avancée des données ANTIGRAVUTY/TP-d-ploiement-continu/src/services/__tests__/GameService.test.js:183:36\n    at file:///C:/Users/valen/OneDrive/Documents/ISIS/TP%20structuration%20avanc%C3%A9e%20des%20donn%C3%A9es%20ANTIGRAVUTY/TP-d-ploiement-continu/node_modules/@vitest/runner/dist/index.js:145:11\n    at file:///C:/Users/valen/OneDrive/Documents/ISIS/TP%20structuration%20avanc%C3%A9e%20des%20donn%C3%A9es%20ANTIGRAVUTY/TP-d-ploiement-continu/node_modules/@vitest/runner/dist/index.js:915:26\n    at file:///C:/Users/valen/OneDrive/Documents/ISIS/TP%20structuration%20avanc%C3%A9e%20des%20donn%C3%A9es%20ANTIGRAVUTY/TP-d-ploiement-continu/node_modules/@vitest/runner/dist/index.js:1243:20\n    at new Promise (<anonymous>)\n    at runWithTimeout (file:///C:/Users/valen/OneDrive/Documents/ISIS/TP%20structuration%20avanc%C3%A9e%20des%20donn%C3%A9es%20ANTIGRAVUTY/TP-d-ploiement-continu/node_modules/@vitest/runner/dist/index.js:1209:10)\n    at file:///C:/Users/valen/OneDrive/Documents/ISIS/TP%20structuration%20avanc%C3%A9e%20des%20donn%C3%A9es%20ANTIGRAVUTY/TP-d-ploiement-continu/node_modules/@vitest/runner/dist/index.js:1653:37\n    at Traces.$ (file:///C:/Users/valen/OneDrive/Documents/ISIS/TP%20structuration%20avanc%C3%A9e%20des%20donn%C3%A9es%20ANTIGRAVUTY/TP-d-ploiement-continu/node_modules/vitest/dist/chunks/traces.CCmnQaNT.js:142:27)\n    at trace (file:///C:/Users/valen/OneDrive/Documents/ISIS/TP%20structuration%20avanc%C3%A9e%20des%20donn%C3%A9es%20ANTIGRAVUTY/TP-d-ploiement-continu/node_modules/vitest/dist/chunks/test.B8ej_ZHS.js:239:21)\n    at runTest (file:///C:/Users/valen/OneDrive/Documents/ISIS/TP%20structuration%20avanc%C3%A9e%20des%20donn%C3%A9es%20ANTIGRAVUTY/TP-d-ploiement-continu/node_modules/@vitest/runner/dist/index.js:1653:12)"],"meta":{}},{"ancestorTitles":["GameService","getMoveCount"],"fullName":"GameService getMoveCount devrait retourner 0 au début","status":"failed","title":"devrait retourner 0 au début","duration":0.38850000000002183,"failureMessages":["TypeError: gameService.getMoveCount is not a function\n    at C:/Users/valen/OneDrive/Documents/ISIS/TP structuration avancée des données ANTIGRAVUTY/TP-d-ploiement-continu/src/services/__tests__/GameService.test.js:191:26\n    at file:///C:/Users/valen/OneDrive/Documents/ISIS/TP%20structuration%20avanc%C3%A9e%20des%20donn%C3%A9es%20ANTIGRAVUTY/TP-d-ploiement-continu/node_modules/@vitest/runner/dist/index.js:145:11\n    at file:///C:/Users/valen/OneDrive/Documents/ISIS/TP%20structuration%20avanc%C3%A9e%20des%20donn%C3%A9es%20ANTIGRAVUTY/TP-d-ploiement-continu/node_modules/@vitest/runner/dist/index.js:915:26\n    at file:///C:/Users/valen/OneDrive/Documents/ISIS/TP%20structuration%20avanc%C3%A9e%20des%20donn%C3%A9es%20ANTIGRAVUTY/TP-d-ploiement-continu/node_modules/@vitest/runner/dist/index.js:1243:20\n    at new Promise (<anonymous>)\n    at runWithTimeout (file:///C:/Users/valen/OneDrive/Documents/ISIS/TP%20structuration%20avanc%C3%A9e%20des%20donn%C3%A9es%20ANTIGRAVUTY/TP-d-ploiement-continu/node_modules/@vitest/runner/dist/index.js:1209:10)\n    at file:///C:/Users/valen/OneDrive/Documents/ISIS/TP%20structuration%20avanc%C3%A9e%20des%20donn%C3%A9es%20ANTIGRAVUTY/TP-d-ploiement-continu/node_modules/@vitest/runner/dist/index.js:1653:37\n    at Traces.$ (file:///C:/Users/valen/OneDrive/Documents/ISIS/TP%20structuration%20avanc%C3%A9e%20des%20donn%C3%A9es%20ANTIGRAVUTY/TP-d-ploiement-continu/node_modules/vitest/dist/chunks/traces.CCmnQaNT.js:142:27)\n    at trace (file:///C:/Users/valen/OneDrive/Documents/ISIS/TP%20structuration%20avanc%C3%A9e%20des%20donn%C3%A9es%20ANTIGRAVUTY/TP-d-ploiement-continu/node_modules/vitest/dist/chunks/test.B8ej_ZHS.js:239:21)\n    at runTest (file:///C:/Users/valen/OneDrive/Documents/ISIS/TP%20structuration%20avanc%C3%A9e%20des%20donn%C3%A9es%20ANTIGRAVUTY/TP-d-ploiement-continu/node_modules/@vitest/runner/dist/index.js:1653:12)"],"meta":{}},{"ancestorTitles":["GameService","getMoveCount"],"fullName":"GameService getMoveCount devrait compter correctement les mouvements","status":"failed","title":"devrait compter correctement les mouvements","duration":1.9834999999999923,"failureMessages":["TypeError: gameService.getMoveCount is not a function\n    at C:/Users/valen/OneDrive/Documents/ISIS/TP structuration avancée des données ANTIGRAVUTY/TP-d-ploiement-continu/src/services/__tests__/GameService.test.js:199:26\n    at file:///C:/Users/valen/OneDrive/Documents/ISIS/TP%20structuration%20avanc%C3%A9e%20des%20donn%C3%A9es%20ANTIGRAVUTY/TP-d-ploiement-continu/node_modules/@vitest/runner/dist/index.js:145:11\n    at file:///C:/Users/valen/OneDrive/Documents/ISIS/TP%20structuration%20avanc%C3%A9e%20des%20donn%C3%A9es%20ANTIGRAVUTY/TP-d-ploiement-continu/node_modules/@vitest/runner/dist/index.js:915:26\n    at file:///C:/Users/valen/OneDrive/Documents/ISIS/TP%20structuration%20avanc%C3%A9e%20des%20donn%C3%A9es%20ANTIGRAVUTY/TP-d-ploiement-continu/node_modules/@vitest/runner/dist/index.js:1243:20\n    at new Promise (<anonymous>)\n    at runWithTimeout (file:///C:/Users/valen/OneDrive/Documents/ISIS/TP%20structuration%20avanc%C3%A9e%20des%20donn%C3%A9es%20ANTIGRAVUTY/TP-d-ploiement-continu/node_modules/@vitest/runner/dist/index.js:1209:10)\n    at file:///C:/Users/valen/OneDrive/Documents/ISIS/TP%20structuration%20avanc%C3%A9e%20des%20donn%C3%A9es%20ANTIGRAVUTY/TP-d-ploiement-continu/node_modules/@vitest/runner/dist/index.js:1653:37\n    at Traces.$ (file:///C:/Users/valen/OneDrive/Documents/ISIS/TP%20structuration%20avanc%C3%A9e%20des%20donn%C3%A9es%20ANTIGRAVUTY/TP-d-ploiement-continu/node_modules/vitest/dist/chunks/traces.CCmnQaNT.js:142:27)\n    at trace (file:///C:/Users/valen/OneDrive/Documents/ISIS/TP%20structuration%20avanc%C3%A9e%20des%20donn%C3%A9es%20ANTIGRAVUTY/TP-d-ploiement-continu/node_modules/vitest/dist/chunks/test.B8ej_ZHS.js:239:21)\n    at runTest (file:///C:/Users/valen/OneDrive/Documents/ISIS/TP%20structuration%20avanc%C3%A9e%20des%20donn%C3%A9es%20ANTIGRAVUTY/TP-d-ploiement-continu/node_modules/@vitest/runner/dist/index.js:1653:12)"],"meta":{}},{"ancestorTitles":["GameService","reset"],"fullName":"GameService reset devrait réinitialiser le plateau à l'état initial","status":"passed","title":"devrait réinitialiser le plateau à l'état initial","duration":0.816599999999994,"failureMessages":[],"meta":{}},{"ancestorTitles":["GameService","reset"],"fullName":"GameService reset devrait effacer l'historique des mouvements","status":"failed","title":"devrait effacer l'historique des mouvements","duration":0.49310000000002674,"failureMessages":["TypeError: gameService.getMoveCount is not a function\n    at C:/Users/valen/OneDrive/Documents/ISIS/TP structuration avancée des données ANTIGRAVUTY/TP-d-ploiement-continu/src/services/__tests__/GameService.test.js:222:26\n    at file:///C:/Users/valen/OneDrive/Documents/ISIS/TP%20structuration%20avanc%C3%A9e%20des%20donn%C3%A9es%20ANTIGRAVUTY/TP-d-ploiement-continu/node_modules/@vitest/runner/dist/index.js:145:11\n    at file:///C:/Users/valen/OneDrive/Documents/ISIS/TP%20structuration%20avanc%C3%A9e%20des%20donn%C3%A9es%20ANTIGRAVUTY/TP-d-ploiement-continu/node_modules/@vitest/runner/dist/index.js:915:26\n    at file:///C:/Users/valen/OneDrive/Documents/ISIS/TP%20structuration%20avanc%C3%A9e%20des%20donn%C3%A9es%20ANTIGRAVUTY/TP-d-ploiement-continu/node_modules/@vitest/runner/dist/index.js:1243:20\n    at new Promise (<anonymous>)\n    at runWithTimeout (file:///C:/Users/valen/OneDrive/Documents/ISIS/TP%20structuration%20avanc%C3%A9e%20des%20donn%C3%A9es%20ANTIGRAVUTY/TP-d-ploiement-continu/node_modules/@vitest/runner/dist/index.js:1209:10)\n    at file:///C:/Users/valen/OneDrive/Documents/ISIS/TP%20structuration%20avanc%C3%A9e%20des%20donn%C3%A9es%20ANTIGRAVUTY/TP-d-ploiement-continu/node_modules/@vitest/runner/dist/index.js:1653:37\n    at Traces.$ (file:///C:/Users/valen/OneDrive/Documents/ISIS/TP%20structuration%20avanc%C3%A9e%20des%20donn%C3%A9es%20ANTIGRAVUTY/TP-d-ploiement-continu/node_modules/vitest/dist/chunks/traces.CCmnQaNT.js:142:27)\n    at trace (file:///C:/Users/valen/OneDrive/Documents/ISIS/TP%20structuration%20avanc%C3%A9e%20des%20donn%C3%A9es%20ANTIGRAVUTY/TP-d-ploiement-continu/node_modules/vitest/dist/chunks/test.B8ej_ZHS.js:239:21)\n    at runTest (file:///C:/Users/valen/OneDrive/Documents/ISIS/TP%20structuration%20avanc%C3%A9e%20des%20donn%C3%A9es%20ANTIGRAVUTY/TP-d-ploiement-continu/node_modules/@vitest/runner/dist/index.js:1653:12)"],"meta":{}},{"ancestorTitles":["GameService","Notation statique"],"fullName":"GameService Notation statique fromStandardNotation devrait convertir e4 en e-4","status":"failed","title":"fromStandardNotation devrait convertir e4 en e-4","duration":0.2504000000000133,"failureMessages":["TypeError: __vite_ssr_import_1__.default.fromStandardNotation is not a function\n    at C:/Users/valen/OneDrive/Documents/ISIS/TP structuration avancée des données ANTIGRAVUTY/TP-d-ploiement-continu/src/services/__tests__/GameService.test.js:229:26\n    at file:///C:/Users/valen/OneDrive/Documents/ISIS/TP%20structuration%20avanc%C3%A9e%20des%20donn%C3%A9es%20ANTIGRAVUTY/TP-d-ploiement-continu/node_modules/@vitest/runner/dist/index.js:145:11\n    at file:///C:/Users/valen/OneDrive/Documents/ISIS/TP%20structuration%20avanc%C3%A9e%20des%20donn%C3%A9es%20ANTIGRAVUTY/TP-d-ploiement-continu/node_modules/@vitest/runner/dist/index.js:915:26\n    at file:///C:/Users/valen/OneDrive/Documents/ISIS/TP%20structuration%20avanc%C3%A9e%20des%20donn%C3%A9es%20ANTIGRAVUTY/TP-d-ploiement-continu/node_modules/@vitest/runner/dist/index.js:1243:20\n    at new Promise (<anonymous>)\n    at runWithTimeout (file:///C:/Users/valen/OneDrive/Documents/ISIS/TP%20structuration%20avanc%C3%A9e%20des%20donn%C3%A9es%20ANTIGRAVUTY/TP-d-ploiement-continu/node_modules/@vitest/runner/dist/index.js:1209:10)\n    at file:///C:/Users/valen/OneDrive/Documents/ISIS/TP%20structuration%20avanc%C3%A9e%20des%20donn%C3%A9es%20ANTIGRAVUTY/TP-d-ploiement-continu/node_modules/@vitest/runner/dist/index.js:1653:37\n    at Traces.$ (file:///C:/Users/valen/OneDrive/Documents/ISIS/TP%20structuration%20avanc%C3%A9e%20des%20donn%C3%A9es%20ANTIGRAVUTY/TP-d-ploiement-continu/node_modules/vitest/dist/chunks/traces.CCmnQaNT.js:142:27)\n    at trace (file:///C:/Users/valen/OneDrive/Documents/ISIS/TP%20structuration%20avanc%C3%A9e%20des%20donn%C3%A9es%20ANTIGRAVUTY/TP-d-ploiement-continu/node_modules/vitest/dist/chunks/test.B8ej_ZHS.js:239:21)\n    at runTest (file:///C:/Users/valen/OneDrive/Documents/ISIS/TP%20structuration%20avanc%C3%A9e%20des%20donn%C3%A9es%20ANTIGRAVUTY/TP-d-ploiement-continu/node_modules/@vitest/runner/dist/index.js:1653:12)"],"meta":{}},{"ancestorTitles":["GameService","Notation statique"],"fullName":"GameService Notation statique fromStandardNotation devrait convertir a1 en a-1","status":"failed","title":"fromStandardNotation devrait convertir a1 en a-1","duration":0.28759999999999764,"failureMessages":["TypeError: __vite_ssr_import_1__.default.fromStandardNotation is not a function\n    at C:/Users/valen/OneDrive/Documents/ISIS/TP structuration avancée des données ANTIGRAVUTY/TP-d-ploiement-continu/src/services/__tests__/GameService.test.js:233:26\n    at file:///C:/Users/valen/OneDrive/Documents/ISIS/TP%20structuration%20avanc%C3%A9e%20des%20donn%C3%A9es%20ANTIGRAVUTY/TP-d-ploiement-continu/node_modules/@vitest/runner/dist/index.js:145:11\n    at file:///C:/Users/valen/OneDrive/Documents/ISIS/TP%20structuration%20avanc%C3%A9e%20des%20donn%C3%A9es%20ANTIGRAVUTY/TP-d-ploiement-continu/node_modules/@vitest/runner/dist/index.js:915:26\n    at file:///C:/Users/valen/OneDrive/Documents/ISIS/TP%20structuration%20avanc%C3%A9e%20des%20donn%C3%A9es%20ANTIGRAVUTY/TP-d-ploiement-continu/node_modules/@vitest/runner/dist/index.js:1243:20\n    at new Promise (<anonymous>)\n    at runWithTimeout (file:///C:/Users/valen/OneDrive/Documents/ISIS/TP%20structuration%20avanc%C3%A9e%20des%20donn%C3%A9es%20ANTIGRAVUTY/TP-d-ploiement-continu/node_modules/@vitest/runner/dist/index.js:1209:10)\n    at file:///C:/Users/valen/OneDrive/Documents/ISIS/TP%20structuration%20avanc%C3%A9e%20des%20donn%C3%A9es%20ANTIGRAVUTY/TP-d-ploiement-continu/node_modules/@vitest/runner/dist/index.js:1653:37\n    at Traces.$ (file:///C:/Users/valen/OneDrive/Documents/ISIS/TP%20structuration%20avanc%C3%A9e%20des%20donn%C3%A9es%20ANTIGRAVUTY/TP-d-ploiement-continu/node_modules/vitest/dist/chunks/traces.CCmnQaNT.js:142:27)\n    at trace (file:///C:/Users/valen/OneDrive/Documents/ISIS/TP%20structuration%20avanc%C3%A9e%20des%20donn%C3%A9es%20ANTIGRAVUTY/TP-d-ploiement-continu/node_modules/vitest/dist/chunks/test.B8ej_ZHS.js:239:21)\n    at runTest (file:///C:/Users/valen/OneDrive/Documents/ISIS/TP%20structuration%20avanc%C3%A9e%20des%20donn%C3%A9es%20ANTIGRAVUTY/TP-d-ploiement-continu/node_modules/@vitest/runner/dist/index.js:1653:12)"],"meta":{}},{"ancestorTitles":["GameService","Notation statique"],"fullName":"GameService Notation statique fromStandardNotation devrait retourner null pour une notation invalide","status":"failed","title":"fromStandardNotation devrait retourner null pour une notation invalide","duration":0.26420000000001664,"failureMessages":["TypeError: __vite_ssr_import_1__.default.fromStandardNotation is not a function\n    at C:/Users/valen/OneDrive/Documents/ISIS/TP structuration avancée des données ANTIGRAVUTY/TP-d-ploiement-continu/src/services/__tests__/GameService.test.js:237:26\n    at file:///C:/Users/valen/OneDrive/Documents/ISIS/TP%20structuration%20avanc%C3%A9e%20des%20donn%C3%A9es%20ANTIGRAVUTY/TP-d-ploiement-continu/node_modules/@vitest/runner/dist/index.js:145:11\n    at file:///C:/Users/valen/OneDrive/Documents/ISIS/TP%20structuration%20avanc%C3%A9e%20des%20donn%C3%A9es%20ANTIGRAVUTY/TP-d-ploiement-continu/node_modules/@vitest/runner/dist/index.js:915:26\n    at file:///C:/Users/valen/OneDrive/Documents/ISIS/TP%20structuration%20avanc%C3%A9e%20des%20donn%C3%A9es%20ANTIGRAVUTY/TP-d-ploiement-continu/node_modules/@vitest/runner/dist/index.js:1243:20\n    at new Promise (<anonymous>)\n    at runWithTimeout (file:///C:/Users/valen/OneDrive/Documents/ISIS/TP%20structuration%20avanc%C3%A9e%20des%20donn%C3%A9es%20ANTIGRAVUTY/TP-d-ploiement-continu/node_modules/@vitest/runner/dist/index.js:1209:10)\n    at file:///C:/Users/valen/OneDrive/Documents/ISIS/TP%20structuration%20avanc%C3%A9e%20des%20donn%C3%A9es%20ANTIGRAVUTY/TP-d-ploiement-continu/node_modules/@vitest/runner/dist/index.js:1653:37\n    at Traces.$ (file:///C:/Users/valen/OneDrive/Documents/ISIS/TP%20structuration%20avanc%C3%A9e%20des%20donn%C3%A9es%20ANTIGRAVUTY/TP-d-ploiement-continu/node_modules/vitest/dist/chunks/traces.CCmnQaNT.js:142:27)\n    at trace (file:///C:/Users/valen/OneDrive/Documents/ISIS/TP%20structuration%20avanc%C3%A9e%20des%20donn%C3%A9es%20ANTIGRAVUTY/TP-d-ploiement-continu/node_modules/vitest/dist/chunks/test.B8ej_ZHS.js:239:21)\n    at runTest (file:///C:/Users/valen/OneDrive/Documents/ISIS/TP%20structuration%20avanc%C3%A9e%20des%20donn%C3%A9es%20ANTIGRAVUTY/TP-d-ploiement-continu/node_modules/@vitest/runner/dist/index.js:1653:12)"],"meta":{}},{"ancestorTitles":["GameService","Notation statique"],"fullName":"GameService Notation statique toStandardNotation devrait convertir e-4 en e4","status":"failed","title":"toStandardNotation devrait convertir e-4 en e4","duration":0.19409999999999172,"failureMessages":["TypeError: __vite_ssr_import_1__.default.toStandardNotation is not a function\n    at C:/Users/valen/OneDrive/Documents/ISIS/TP structuration avancée des données ANTIGRAVUTY/TP-d-ploiement-continu/src/services/__tests__/GameService.test.js:241:26\n    at file:///C:/Users/valen/OneDrive/Documents/ISIS/TP%20structuration%20avanc%C3%A9e%20des%20donn%C3%A9es%20ANTIGRAVUTY/TP-d-ploiement-continu/node_modules/@vitest/runner/dist/index.js:145:11\n    at file:///C:/Users/valen/OneDrive/Documents/ISIS/TP%20structuration%20avanc%C3%A9e%20des%20donn%C3%A9es%20ANTIGRAVUTY/TP-d-ploiement-continu/node_modules/@vitest/runner/dist/index.js:915:26\n    at file:///C:/Users/valen/OneDrive/Documents/ISIS/TP%20structuration%20avanc%C3%A9e%20des%20donn%C3%A9es%20ANTIGRAVUTY/TP-d-ploiement-continu/node_modules/@vitest/runner/dist/index.js:1243:20\n    at new Promise (<anonymous>)\n    at runWithTimeout (file:///C:/Users/valen/OneDrive/Documents/ISIS/TP%20structuration%20avanc%C3%A9e%20des%20donn%C3%A9es%20ANTIGRAVUTY/TP-d-ploiement-continu/node_modules/@vitest/runner/dist/index.js:1209:10)\n    at file:///C:/Users/valen/OneDrive/Documents/ISIS/TP%20structuration%20avanc%C3%A9e%20des%20donn%C3%A9es%20ANTIGRAVUTY/TP-d-ploiement-continu/node_modules/@vitest/runner/dist/index.js:1653:37\n    at Traces.$ (file:///C:/Users/valen/OneDrive/Documents/ISIS/TP%20structuration%20avanc%C3%A9e%20des%20donn%C3%A9es%20ANTIGRAVUTY/TP-d-ploiement-continu/node_modules/vitest/dist/chunks/traces.CCmnQaNT.js:142:27)\n    at trace (file:///C:/Users/valen/OneDrive/Documents/ISIS/TP%20structuration%20avanc%C3%A9e%20des%20donn%C3%A9es%20ANTIGRAVUTY/TP-d-ploiement-continu/node_modules/vitest/dist/chunks/test.B8ej_ZHS.js:239:21)\n    at runTest (file:///C:/Users/valen/OneDrive/Documents/ISIS/TP%20structuration%20avanc%C3%A9e%20des%20donn%C3%A9es%20ANTIGRAVUTY/TP-d-ploiement-continu/node_modules/@vitest/runner/dist/index.js:1653:12)"],"meta":{}},{"ancestorTitles":["ChessPiece"],"fullName":"ChessPiece devrait créer une pièce avec les bonnes propriétés","status":"passed","title":"devrait créer une pièce avec les bonnes propriétés","duration":0.1710000000000491,"failureMessages":[],"meta":{}},{"ancestorTitles":["Move"],"fullName":"Move devrait créer un mouvement avec les bonnes propriétés","status":"passed","title":"devrait créer un mouvement avec les bonnes propriétés","duration":0.2728999999999928,"failureMessages":[],"meta":{}},{"ancestorTitles":["Move"],"fullName":"Move devrait enregistrer une pièce capturée","status":"passed","title":"devrait enregistrer une pièce capturée","duration":0.06409999999999627,"failureMessages":[],"meta":{}}],"startTime":1770777463363,"endTime":1770777463391.0642,"status":"failed","message":"","name":"C:/Users/valen/OneDrive/Documents/ISIS/TP structuration avancée des données ANTIGRAVUTY/TP-d-ploiement-continu/src/services/__tests__/GameService.test.js"}]}